2026-03-25 07:36:38,112 [INFO] ==================================================
2026-03-25 07:36:38,112 [INFO] 🚀 机器狗 VLA 意图识别网络训练任务启动
2026-03-25 07:36:38,112 [INFO] 📁 本次训练日志将永久保存至: D:\unitree_go2_vla_adapter_dataset\New_Architecture\1D_CNN_GRU\train_log\train_20260325_073638.log
2026-03-25 07:36:38,113 [INFO] ==================================================
2026-03-25 07:36:38,137 [INFO] 🔥 当前使用计算设备: cuda
2026-03-25 07:36:38,139 [INFO] ⏳ 正在分析数据集分布，执行 9:1 严格分层抽样...
2026-03-25 07:36:38,150 [INFO] 📦 数据加载闭环！总样本: 700 | 训练集: 630 | 验证集: 70
2026-03-25 07:36:42,809 [INFO] 🏃‍♂️ 开始冲刺训练...
2026-03-25 07:36:43,777 [INFO] Epoch [  1/100] (1.0s) | Train Loss: 2.3682, Acc: 0.2698 || Val Loss: 2.3188, Acc: 0.3286, Precision: 0.1214, Recall: 0.2769, F1: 0.1625
2026-03-25 07:36:43,784 [INFO] 🌟 验证集 F1-Score 提升至 0.1625，已保存最新权重。
2026-03-25 07:36:44,110 [INFO] Epoch [  2/100] (0.3s) | Train Loss: 1.9800, Acc: 0.3810 || Val Loss: 1.9093, Acc: 0.4286, Precision: 0.3893, Recall: 0.3846, F1: 0.3301
2026-03-25 07:36:44,113 [INFO] 🌟 验证集 F1-Score 提升至 0.3301，已保存最新权重。
2026-03-25 07:36:44,423 [INFO] Epoch [  3/100] (0.3s) | Train Loss: 1.5830, Acc: 0.5000 || Val Loss: 1.6521, Acc: 0.5286, Precision: 0.4939, Recall: 0.4923, F1: 0.4472
2026-03-25 07:36:44,427 [INFO] 🌟 验证集 F1-Score 提升至 0.4472，已保存最新权重。
2026-03-25 07:36:44,742 [INFO] Epoch [  4/100] (0.3s) | Train Loss: 1.2460, Acc: 0.6508 || Val Loss: 1.3184, Acc: 0.6714, Precision: 0.7055, Recall: 0.6462, F1: 0.6151
2026-03-25 07:36:44,745 [INFO] 🌟 验证集 F1-Score 提升至 0.6151，已保存最新权重。
2026-03-25 07:36:45,063 [INFO] Epoch [  5/100] (0.3s) | Train Loss: 0.9968, Acc: 0.7302 || Val Loss: 2.0277, Acc: 0.3143, Precision: 0.4078, Recall: 0.3308, F1: 0.2636
2026-03-25 07:36:45,389 [INFO] Epoch [  6/100] (0.3s) | Train Loss: 0.7906, Acc: 0.7952 || Val Loss: 2.4423, Acc: 0.2571, Precision: 0.2929, Recall: 0.2769, F1: 0.2100
2026-03-25 07:36:45,709 [INFO] Epoch [  7/100] (0.3s) | Train Loss: 0.7220, Acc: 0.7905 || Val Loss: 2.3249, Acc: 0.2857, Precision: 0.3068, Recall: 0.2462, F1: 0.2167
2026-03-25 07:36:46,023 [INFO] Epoch [  8/100] (0.3s) | Train Loss: 0.6070, Acc: 0.8444 || Val Loss: 1.0605, Acc: 0.6429, Precision: 0.6939, Recall: 0.6308, F1: 0.5988
2026-03-25 07:36:46,363 [INFO] Epoch [  9/100] (0.3s) | Train Loss: 0.5250, Acc: 0.8698 || Val Loss: 1.6128, Acc: 0.4714, Precision: 0.6292, Recall: 0.4769, F1: 0.4465
2026-03-25 07:36:46,696 [INFO] Epoch [ 10/100] (0.3s) | Train Loss: 0.4505, Acc: 0.8825 || Val Loss: 1.4598, Acc: 0.4714, Precision: 0.4520, Recall: 0.4385, F1: 0.3849
2026-03-25 07:36:47,062 [INFO] Epoch [ 11/100] (0.4s) | Train Loss: 0.3788, Acc: 0.9095 || Val Loss: 0.7378, Acc: 0.7857, Precision: 0.7803, Recall: 0.7692, F1: 0.7452
2026-03-25 07:36:47,065 [INFO] 🌟 验证集 F1-Score 提升至 0.7452，已保存最新权重。
2026-03-25 07:36:47,421 [INFO] Epoch [ 12/100] (0.4s) | Train Loss: 0.3341, Acc: 0.9175 || Val Loss: 1.2369, Acc: 0.5286, Precision: 0.6115, Recall: 0.5538, F1: 0.4898
2026-03-25 07:36:47,782 [INFO] Epoch [ 13/100] (0.4s) | Train Loss: 0.2802, Acc: 0.9238 || Val Loss: 0.4795, Acc: 0.8286, Precision: 0.8819, Recall: 0.8154, F1: 0.8176
2026-03-25 07:36:47,785 [INFO] 🌟 验证集 F1-Score 提升至 0.8176，已保存最新权重。
2026-03-25 07:36:48,176 [INFO] Epoch [ 14/100] (0.4s) | Train Loss: 0.2626, Acc: 0.9460 || Val Loss: 1.1602, Acc: 0.6714, Precision: 0.6542, Recall: 0.6462, F1: 0.6009
2026-03-25 07:36:48,546 [INFO] Epoch [ 15/100] (0.4s) | Train Loss: 0.2453, Acc: 0.9429 || Val Loss: 1.0423, Acc: 0.7286, Precision: 0.8164, Recall: 0.7077, F1: 0.6862
2026-03-25 07:36:48,916 [INFO] Epoch [ 16/100] (0.4s) | Train Loss: 0.2423, Acc: 0.9397 || Val Loss: 0.7383, Acc: 0.7714, Precision: 0.8112, Recall: 0.7615, F1: 0.7628
2026-03-25 07:36:49,273 [INFO] Epoch [ 17/100] (0.4s) | Train Loss: 0.2670, Acc: 0.9254 || Val Loss: 0.5418, Acc: 0.7857, Precision: 0.8733, Recall: 0.8077, F1: 0.8006
2026-03-25 07:36:49,653 [INFO] Epoch [ 18/100] (0.4s) | Train Loss: 0.2436, Acc: 0.9270 || Val Loss: 2.0923, Acc: 0.5429, Precision: 0.7484, Recall: 0.5769, F1: 0.5553
2026-03-25 07:36:50,019 [INFO] Epoch [ 19/100] (0.4s) | Train Loss: 0.3545, Acc: 0.9238 || Val Loss: 5.2249, Acc: 0.1286, Precision: 0.1984, Recall: 0.1385, F1: 0.1029
2026-03-25 07:36:50,391 [INFO] Epoch [ 20/100] (0.4s) | Train Loss: 0.2723, Acc: 0.9317 || Val Loss: 0.6957, Acc: 0.7857, Precision: 0.8768, Recall: 0.8385, F1: 0.8069
2026-03-25 07:36:50,759 [INFO] Epoch [ 21/100] (0.4s) | Train Loss: 0.1727, Acc: 0.9651 || Val Loss: 0.6957, Acc: 0.8000, Precision: 0.8539, Recall: 0.8000, F1: 0.8089
2026-03-25 07:36:51,138 [INFO] Epoch [ 22/100] (0.4s) | Train Loss: 0.1624, Acc: 0.9667 || Val Loss: 1.2614, Acc: 0.7000, Precision: 0.7807, Recall: 0.6769, F1: 0.6655
2026-03-25 07:36:51,508 [INFO] Epoch [ 23/100] (0.4s) | Train Loss: 0.1385, Acc: 0.9762 || Val Loss: 1.5851, Acc: 0.6714, Precision: 0.6732, Recall: 0.6538, F1: 0.5918
2026-03-25 07:36:51,888 [INFO] Epoch [ 24/100] (0.4s) | Train Loss: 0.2239, Acc: 0.9508 || Val Loss: 1.4027, Acc: 0.5714, Precision: 0.7086, Recall: 0.6000, F1: 0.5580
2026-03-25 07:36:52,274 [INFO] Epoch [ 25/100] (0.4s) | Train Loss: 0.2059, Acc: 0.9397 || Val Loss: 1.8641, Acc: 0.5000, Precision: 0.5436, Recall: 0.4615, F1: 0.3923
2026-03-25 07:36:52,643 [INFO] Epoch [ 26/100] (0.4s) | Train Loss: 0.1734, Acc: 0.9476 || Val Loss: 2.2611, Acc: 0.4571, Precision: 0.7120, Recall: 0.4769, F1: 0.4639
2026-03-25 07:36:53,014 [INFO] Epoch [ 27/100] (0.4s) | Train Loss: 0.1141, Acc: 0.9730 || Val Loss: 0.2234, Acc: 0.9000, Precision: 0.9370, Recall: 0.9231, F1: 0.9081
2026-03-25 07:36:53,018 [INFO] 🌟 验证集 F1-Score 提升至 0.9081，已保存最新权重。
2026-03-25 07:36:53,389 [INFO] Epoch [ 28/100] (0.4s) | Train Loss: 0.1044, Acc: 0.9810 || Val Loss: 0.7039, Acc: 0.7571, Precision: 0.8538, Recall: 0.8000, F1: 0.7691
2026-03-25 07:36:53,772 [INFO] Epoch [ 29/100] (0.4s) | Train Loss: 0.0957, Acc: 0.9794 || Val Loss: 0.9521, Acc: 0.7429, Precision: 0.7933, Recall: 0.7231, F1: 0.7119
2026-03-25 07:36:54,148 [INFO] Epoch [ 30/100] (0.4s) | Train Loss: 0.1020, Acc: 0.9794 || Val Loss: 0.3318, Acc: 0.8571, Precision: 0.8991, Recall: 0.8462, F1: 0.8529
2026-03-25 07:36:54,517 [INFO] Epoch [ 31/100] (0.4s) | Train Loss: 0.1052, Acc: 0.9778 || Val Loss: 0.4117, Acc: 0.8714, Precision: 0.8910, Recall: 0.8692, F1: 0.8579
2026-03-25 07:36:54,902 [INFO] Epoch [ 32/100] (0.4s) | Train Loss: 0.1328, Acc: 0.9746 || Val Loss: 0.6740, Acc: 0.7571, Precision: 0.8462, Recall: 0.7385, F1: 0.7244
2026-03-25 07:36:55,348 [INFO] Epoch [ 33/100] (0.4s) | Train Loss: 0.1260, Acc: 0.9794 || Val Loss: 1.6099, Acc: 0.6286, Precision: 0.6828, Recall: 0.6615, F1: 0.5990
2026-03-25 07:36:55,674 [INFO] Epoch [ 34/100] (0.3s) | Train Loss: 0.1398, Acc: 0.9619 || Val Loss: 2.2288, Acc: 0.5000, Precision: 0.5419, Recall: 0.4692, F1: 0.4559
2026-03-25 07:36:55,986 [INFO] Epoch [ 35/100] (0.3s) | Train Loss: 0.1243, Acc: 0.9683 || Val Loss: 0.9203, Acc: 0.7429, Precision: 0.8458, Recall: 0.7692, F1: 0.7511
2026-03-25 07:36:56,307 [INFO] Epoch [ 36/100] (0.3s) | Train Loss: 0.0833, Acc: 0.9746 || Val Loss: 0.4605, Acc: 0.8571, Precision: 0.8857, Recall: 0.8538, F1: 0.8556
2026-03-25 07:36:56,623 [INFO] Epoch [ 37/100] (0.3s) | Train Loss: 0.0753, Acc: 0.9825 || Val Loss: 0.2094, Acc: 0.9571, Precision: 0.9615, Recall: 0.9615, F1: 0.9579
2026-03-25 07:36:56,625 [INFO] 🌟 验证集 F1-Score 提升至 0.9579，已保存最新权重。
2026-03-25 07:36:56,941 [INFO] Epoch [ 38/100] (0.3s) | Train Loss: 0.0834, Acc: 0.9778 || Val Loss: 0.4973, Acc: 0.8571, Precision: 0.9071, Recall: 0.8462, F1: 0.8553
2026-03-25 07:36:57,250 [INFO] Epoch [ 39/100] (0.3s) | Train Loss: 0.0862, Acc: 0.9794 || Val Loss: 0.5592, Acc: 0.8714, Precision: 0.9139, Recall: 0.8769, F1: 0.8697
2026-03-25 07:36:57,556 [INFO] Epoch [ 40/100] (0.3s) | Train Loss: 0.1171, Acc: 0.9730 || Val Loss: 0.6343, Acc: 0.8286, Precision: 0.8745, Recall: 0.8308, F1: 0.8233
2026-03-25 07:36:57,869 [INFO] Epoch [ 41/100] (0.3s) | Train Loss: 0.0923, Acc: 0.9762 || Val Loss: 0.3113, Acc: 0.9143, Precision: 0.9293, Recall: 0.9154, F1: 0.9138
2026-03-25 07:36:58,182 [INFO] Epoch [ 42/100] (0.3s) | Train Loss: 0.0521, Acc: 0.9921 || Val Loss: 0.0783, Acc: 0.9857, Precision: 0.9872, Recall: 0.9846, F1: 0.9845
2026-03-25 07:36:58,185 [INFO] 🌟 验证集 F1-Score 提升至 0.9845，已保存最新权重。
2026-03-25 07:36:58,500 [INFO] Epoch [ 43/100] (0.3s) | Train Loss: 0.0426, Acc: 0.9968 || Val Loss: 0.1151, Acc: 0.9714, Precision: 0.9802, Recall: 0.9692, F1: 0.9722
2026-03-25 07:36:58,813 [INFO] Epoch [ 44/100] (0.3s) | Train Loss: 0.0817, Acc: 0.9762 || Val Loss: 0.7386, Acc: 0.8143, Precision: 0.8181, Recall: 0.8385, F1: 0.8011
2026-03-25 07:36:59,131 [INFO] Epoch [ 45/100] (0.3s) | Train Loss: 0.0602, Acc: 0.9905 || Val Loss: 0.1631, Acc: 0.9571, Precision: 0.9652, Recall: 0.9538, F1: 0.9545
2026-03-25 07:36:59,451 [INFO] Epoch [ 46/100] (0.3s) | Train Loss: 0.0617, Acc: 0.9857 || Val Loss: 0.0166, Acc: 1.0000, Precision: 1.0000, Recall: 1.0000, F1: 1.0000
2026-03-25 07:36:59,454 [INFO] 🌟 验证集 F1-Score 提升至 1.0000，已保存最新权重。
2026-03-25 07:36:59,771 [INFO] Epoch [ 47/100] (0.3s) | Train Loss: 0.0388, Acc: 0.9952 || Val Loss: 0.1039, Acc: 0.9571, Precision: 0.9615, Recall: 0.9538, F1: 0.9534
2026-03-25 07:37:00,092 [INFO] Epoch [ 48/100] (0.3s) | Train Loss: 0.0405, Acc: 0.9905 || Val Loss: 0.1534, Acc: 0.9571, Precision: 0.9712, Recall: 0.9538, F1: 0.9566
2026-03-25 07:37:00,439 [INFO] Epoch [ 49/100] (0.3s) | Train Loss: 0.0500, Acc: 0.9905 || Val Loss: 2.4214, Acc: 0.6143, Precision: 0.5428, Recall: 0.5923, F1: 0.5484
2026-03-25 07:37:00,776 [INFO] Epoch [ 50/100] (0.3s) | Train Loss: 0.1870, Acc: 0.9587 || Val Loss: 1.5262, Acc: 0.7143, Precision: 0.8724, Recall: 0.7615, F1: 0.7337
2026-03-25 07:37:01,105 [INFO] Epoch [ 51/100] (0.3s) | Train Loss: 0.1338, Acc: 0.9619 || Val Loss: 0.8721, Acc: 0.7714, Precision: 0.8380, Recall: 0.8000, F1: 0.7683
2026-03-25 07:37:01,464 [INFO] Epoch [ 52/100] (0.4s) | Train Loss: 0.2582, Acc: 0.9397 || Val Loss: 1.3329, Acc: 0.7429, Precision: 0.7970, Recall: 0.7231, F1: 0.6959
2026-03-25 07:37:01,839 [INFO] Epoch [ 53/100] (0.4s) | Train Loss: 0.1082, Acc: 0.9730 || Val Loss: 0.4019, Acc: 0.8429, Precision: 0.8816, Recall: 0.8538, F1: 0.8415
2026-03-25 07:37:02,196 [INFO] Epoch [ 54/100] (0.4s) | Train Loss: 0.1280, Acc: 0.9587 || Val Loss: 0.9306, Acc: 0.7286, Precision: 0.8165, Recall: 0.7077, F1: 0.7130
2026-03-25 07:37:02,557 [INFO] Epoch [ 55/100] (0.4s) | Train Loss: 0.0996, Acc: 0.9683 || Val Loss: 0.1478, Acc: 0.9429, Precision: 0.9487, Recall: 0.9385, F1: 0.9378
2026-03-25 07:37:02,923 [INFO] Epoch [ 56/100] (0.4s) | Train Loss: 0.0776, Acc: 0.9825 || Val Loss: 0.5068, Acc: 0.8571, Precision: 0.8784, Recall: 0.8538, F1: 0.8530
2026-03-25 07:37:03,309 [INFO] Epoch [ 57/100] (0.4s) | Train Loss: 0.0737, Acc: 0.9762 || Val Loss: 1.1909, Acc: 0.7000, Precision: 0.7150, Recall: 0.7154, F1: 0.6729
2026-03-25 07:37:03,675 [INFO] Epoch [ 58/100] (0.4s) | Train Loss: 0.0683, Acc: 0.9778 || Val Loss: 0.3002, Acc: 0.9429, Precision: 0.9524, Recall: 0.9385, F1: 0.9369
2026-03-25 07:37:04,045 [INFO] Epoch [ 59/100] (0.4s) | Train Loss: 0.0798, Acc: 0.9746 || Val Loss: 0.1678, Acc: 0.9429, Precision: 0.9583, Recall: 0.9385, F1: 0.9389
2026-03-25 07:37:04,415 [INFO] Epoch [ 60/100] (0.4s) | Train Loss: 0.0480, Acc: 0.9905 || Val Loss: 0.1838, Acc: 0.9429, Precision: 0.9498, Recall: 0.9462, F1: 0.9437
2026-03-25 07:37:04,788 [INFO] Epoch [ 61/100] (0.4s) | Train Loss: 0.0470, Acc: 0.9905 || Val Loss: 0.1903, Acc: 0.9571, Precision: 0.9652, Recall: 0.9538, F1: 0.9545
2026-03-25 07:37:05,158 [INFO] Epoch [ 62/100] (0.4s) | Train Loss: 0.0379, Acc: 0.9937 || Val Loss: 0.3581, Acc: 0.9000, Precision: 0.9487, Recall: 0.8923, F1: 0.9033
2026-03-25 07:37:05,525 [INFO] Epoch [ 63/100] (0.4s) | Train Loss: 0.0564, Acc: 0.9873 || Val Loss: 0.2065, Acc: 0.9429, Precision: 0.9524, Recall: 0.9385, F1: 0.9369
2026-03-25 07:37:05,908 [INFO] Epoch [ 64/100] (0.4s) | Train Loss: 0.1749, Acc: 0.9667 || Val Loss: 1.8898, Acc: 0.6429, Precision: 0.6253, Recall: 0.6231, F1: 0.5656
2026-03-25 07:37:06,285 [INFO] Epoch [ 65/100] (0.4s) | Train Loss: 0.1577, Acc: 0.9508 || Val Loss: 1.0975, Acc: 0.8143, Precision: 0.8779, Recall: 0.8000, F1: 0.7948
2026-03-25 07:37:06,663 [INFO] Epoch [ 66/100] (0.4s) | Train Loss: 0.0753, Acc: 0.9730 || Val Loss: 1.2208, Acc: 0.7571, Precision: 0.8437, Recall: 0.7538, F1: 0.7185
2026-03-25 07:37:07,040 [INFO] Epoch [ 67/100] (0.4s) | Train Loss: 0.0691, Acc: 0.9889 || Val Loss: 0.0366, Acc: 0.9857, Precision: 0.9872, Recall: 0.9846, F1: 0.9845
2026-03-25 07:37:07,424 [INFO] Epoch [ 68/100] (0.4s) | Train Loss: 0.0396, Acc: 0.9921 || Val Loss: 0.1279, Acc: 0.9714, Precision: 0.9802, Recall: 0.9692, F1: 0.9722
2026-03-25 07:37:07,800 [INFO] Epoch [ 69/100] (0.4s) | Train Loss: 0.0492, Acc: 0.9873 || Val Loss: 0.3605, Acc: 0.9143, Precision: 0.9364, Recall: 0.9231, F1: 0.9176
2026-03-25 07:37:08,175 [INFO] Epoch [ 70/100] (0.4s) | Train Loss: 0.1210, Acc: 0.9746 || Val Loss: 0.8136, Acc: 0.7857, Precision: 0.8427, Recall: 0.7769, F1: 0.7668
2026-03-25 07:37:08,572 [INFO] Epoch [ 71/100] (0.4s) | Train Loss: 0.0622, Acc: 0.9841 || Val Loss: 0.2138, Acc: 0.9000, Precision: 0.9299, Recall: 0.9000, F1: 0.8979
2026-03-25 07:37:08,951 [INFO] Epoch [ 72/100] (0.4s) | Train Loss: 0.0446, Acc: 0.9921 || Val Loss: 0.0340, Acc: 0.9857, Precision: 0.9872, Recall: 0.9846, F1: 0.9845
2026-03-25 07:37:09,328 [INFO] Epoch [ 73/100] (0.4s) | Train Loss: 0.0395, Acc: 0.9905 || Val Loss: 0.0695, Acc: 0.9714, Precision: 0.9744, Recall: 0.9692, F1: 0.9689
2026-03-25 07:37:09,709 [INFO] Epoch [ 74/100] (0.4s) | Train Loss: 0.0302, Acc: 0.9968 || Val Loss: 0.0830, Acc: 0.9714, Precision: 0.9744, Recall: 0.9692, F1: 0.9689
2026-03-25 07:37:10,098 [INFO] Epoch [ 75/100] (0.4s) | Train Loss: 0.0331, Acc: 0.9952 || Val Loss: 0.0776, Acc: 0.9857, Precision: 0.9872, Recall: 0.9846, F1: 0.9845
2026-03-25 07:37:10,478 [INFO] Epoch [ 76/100] (0.4s) | Train Loss: 0.0214, Acc: 0.9984 || Val Loss: 0.0949, Acc: 0.9857, Precision: 0.9872, Recall: 0.9846, F1: 0.9845
2026-03-25 07:37:10,861 [INFO] Epoch [ 77/100] (0.4s) | Train Loss: 0.0274, Acc: 0.9937 || Val Loss: 0.5003, Acc: 0.8857, Precision: 0.9324, Recall: 0.9154, F1: 0.9059
2026-03-25 07:37:11,276 [INFO] Epoch [ 78/100] (0.4s) | Train Loss: 0.0504, Acc: 0.9889 || Val Loss: 0.1238, Acc: 0.9714, Precision: 0.9802, Recall: 0.9692, F1: 0.9722
2026-03-25 07:37:11,593 [INFO] Epoch [ 79/100] (0.3s) | Train Loss: 0.0196, Acc: 0.9984 || Val Loss: 0.1252, Acc: 0.9714, Precision: 0.9802, Recall: 0.9692, F1: 0.9722
2026-03-25 07:37:11,909 [INFO] Epoch [ 80/100] (0.3s) | Train Loss: 0.0479, Acc: 0.9889 || Val Loss: 0.0418, Acc: 0.9857, Precision: 0.9872, Recall: 0.9846, F1: 0.9845
2026-03-25 07:37:12,218 [INFO] Epoch [ 81/100] (0.3s) | Train Loss: 0.0214, Acc: 0.9952 || Val Loss: 0.0810, Acc: 0.9857, Precision: 0.9872, Recall: 0.9846, F1: 0.9845
2026-03-25 07:37:12,537 [INFO] Epoch [ 82/100] (0.3s) | Train Loss: 0.0237, Acc: 0.9937 || Val Loss: 0.1156, Acc: 0.9714, Precision: 0.9780, Recall: 0.9692, F1: 0.9679
2026-03-25 07:37:12,850 [INFO] Epoch [ 83/100] (0.3s) | Train Loss: 0.0373, Acc: 0.9905 || Val Loss: 0.7258, Acc: 0.8143, Precision: 0.8207, Recall: 0.8308, F1: 0.8002
2026-03-25 07:37:13,159 [INFO] Epoch [ 84/100] (0.3s) | Train Loss: 0.0210, Acc: 0.9968 || Val Loss: 0.2595, Acc: 0.9429, Precision: 0.9582, Recall: 0.9385, F1: 0.9402
2026-03-25 07:37:13,473 [INFO] Epoch [ 85/100] (0.3s) | Train Loss: 0.0233, Acc: 0.9952 || Val Loss: 0.2757, Acc: 0.9429, Precision: 0.9583, Recall: 0.9385, F1: 0.9389
2026-03-25 07:37:13,790 [INFO] Epoch [ 86/100] (0.3s) | Train Loss: 0.0281, Acc: 0.9952 || Val Loss: 0.3079, Acc: 0.9571, Precision: 0.9744, Recall: 0.9538, F1: 0.9582
2026-03-25 07:37:14,113 [INFO] Epoch [ 87/100] (0.3s) | Train Loss: 0.0378, Acc: 0.9905 || Val Loss: 0.6303, Acc: 0.8714, Precision: 0.8523, Recall: 0.8615, F1: 0.8350
2026-03-25 07:37:14,429 [INFO] Epoch [ 88/100] (0.3s) | Train Loss: 0.0284, Acc: 0.9921 || Val Loss: 0.0874, Acc: 0.9714, Precision: 0.9802, Recall: 0.9692, F1: 0.9722
2026-03-25 07:37:14,752 [INFO] Epoch [ 89/100] (0.3s) | Train Loss: 0.0234, Acc: 0.9968 || Val Loss: 0.1600, Acc: 0.9714, Precision: 0.9744, Recall: 0.9769, F1: 0.9734
2026-03-25 07:37:15,067 [INFO] Epoch [ 90/100] (0.3s) | Train Loss: 0.0164, Acc: 0.9984 || Val Loss: 0.1733, Acc: 0.9714, Precision: 0.9802, Recall: 0.9692, F1: 0.9722
2026-03-25 07:37:15,387 [INFO] Epoch [ 91/100] (0.3s) | Train Loss: 0.0290, Acc: 0.9952 || Val Loss: 0.2132, Acc: 0.9571, Precision: 0.9652, Recall: 0.9615, F1: 0.9590
2026-03-25 07:37:15,710 [INFO] Epoch [ 92/100] (0.3s) | Train Loss: 0.0174, Acc: 0.9968 || Val Loss: 0.0710, Acc: 0.9857, Precision: 0.9872, Recall: 0.9846, F1: 0.9845
2026-03-25 07:37:16,031 [INFO] Epoch [ 93/100] (0.3s) | Train Loss: 0.0154, Acc: 1.0000 || Val Loss: 0.0923, Acc: 0.9714, Precision: 0.9744, Recall: 0.9692, F1: 0.9689
2026-03-25 07:37:16,369 [INFO] Epoch [ 94/100] (0.3s) | Train Loss: 0.0184, Acc: 0.9968 || Val Loss: 0.1304, Acc: 0.9714, Precision: 0.9744, Recall: 0.9692, F1: 0.9689
2026-03-25 07:37:16,721 [INFO] Epoch [ 95/100] (0.4s) | Train Loss: 0.0121, Acc: 1.0000 || Val Loss: 0.0842, Acc: 0.9857, Precision: 0.9872, Recall: 0.9846, F1: 0.9845
2026-03-25 07:37:17,068 [INFO] Epoch [ 96/100] (0.3s) | Train Loss: 0.0268, Acc: 0.9937 || Val Loss: 0.1573, Acc: 0.9714, Precision: 0.9802, Recall: 0.9692, F1: 0.9722
2026-03-25 07:37:17,409 [INFO] Epoch [ 97/100] (0.3s) | Train Loss: 0.0282, Acc: 0.9905 || Val Loss: 0.3766, Acc: 0.9000, Precision: 0.9150, Recall: 0.9000, F1: 0.8939
2026-03-25 07:37:17,773 [INFO] Epoch [ 98/100] (0.4s) | Train Loss: 0.0452, Acc: 0.9889 || Val Loss: 0.1059, Acc: 0.9857, Precision: 0.9872, Recall: 0.9846, F1: 0.9845
2026-03-25 07:37:18,146 [INFO] Epoch [ 99/100] (0.4s) | Train Loss: 0.0145, Acc: 0.9984 || Val Loss: 0.0889, Acc: 0.9857, Precision: 0.9872, Recall: 0.9846, F1: 0.9845
2026-03-25 07:37:18,510 [INFO] Epoch [100/100] (0.4s) | Train Loss: 0.0133, Acc: 0.9984 || Val Loss: 0.0852, Acc: 0.9714, Precision: 0.9802, Recall: 0.9692, F1: 0.9722
2026-03-25 07:37:18,510 [INFO] ==================================================
2026-03-25 07:37:18,510 [INFO] 🎉 炼丹彻底完成！总耗时: 0.59 分钟
2026-03-25 07:37:18,511 [INFO] 🏆 历史最高验证集 F1-Score: 1.0000
2026-03-25 07:37:18,511 [INFO] 💾 最优模型权重已安全降落至: D:\unitree_go2_vla_adapter_dataset\New_Architecture\1D_CNN_GRU\trained_model\best_gesture_model.pth
2026-03-25 07:37:18,511 [INFO] 📄 完整训练日志请查阅: D:\unitree_go2_vla_adapter_dataset\New_Architecture\1D_CNN_GRU\train_log\train_20260325_073638.log
2026-03-25 07:37:18,511 [INFO] ==================================================
